2025-03-17 20:20:46,748 - INFO - Scraping managers...
2025-03-17 20:20:46,751 - INFO - Scraping managers: https://13f.info/managers/a
2025-03-17 20:20:48,751 - INFO - Scraping managers: https://13f.info/managers/b
2025-03-17 20:20:50,751 - INFO - Scraping managers: https://13f.info/managers/c
2025-03-17 20:20:52,752 - INFO - Scraping managers: https://13f.info/managers/d
2025-03-17 20:21:04,363 - INFO - Scraping managers: https://13f.info/managers/e
2025-03-17 20:21:08,537 - INFO - Scraping managers: https://13f.info/managers/f
2025-03-17 20:21:15,138 - INFO - Scraping managers: https://13f.info/managers/g
2025-03-17 20:21:17,225 - INFO - Scraping managers: https://13f.info/managers/h
2025-03-17 20:21:24,516 - INFO - Scraping managers: https://13f.info/managers/i
2025-03-17 20:21:26,517 - INFO - Scraping managers: https://13f.info/managers/j
2025-03-17 20:21:28,517 - INFO - Scraping managers: https://13f.info/managers/k
2025-03-17 20:21:30,517 - INFO - Scraping managers: https://13f.info/managers/l
2025-03-17 20:21:32,517 - INFO - Scraping managers: https://13f.info/managers/m
2025-03-17 20:21:34,517 - INFO - Scraping managers: https://13f.info/managers/n
2025-03-17 20:21:36,537 - INFO - Scraping managers: https://13f.info/managers/o
2025-03-17 20:21:43,058 - INFO - Scraping managers: https://13f.info/managers/p
2025-03-17 20:21:45,059 - INFO - Scraping managers: https://13f.info/managers/q
2025-03-17 20:21:47,059 - INFO - Scraping managers: https://13f.info/managers/r
2025-03-17 20:21:49,059 - INFO - Scraping managers: https://13f.info/managers/s
2025-03-17 20:21:53,975 - INFO - Scraping managers: https://13f.info/managers/t
2025-03-17 20:32:25,109 - INFO - Scraping filings for manager 1
2025-03-17 20:32:27,109 - INFO - Scraping filings for manager 2
2025-03-17 20:32:29,110 - INFO - Scraping filings for manager 3
2025-03-17 20:32:31,110 - INFO - Scraping filings for manager 4
2025-03-17 20:32:33,111 - INFO - Scraping filings for manager 5
2025-03-17 20:32:44,022 - INFO - Scraping holdings for filing 1
2025-03-17 20:32:46,023 - INFO - Scraping holdings for filing 2
2025-03-17 20:32:48,024 - INFO - Scraping holdings for filing 3
2025-03-17 20:32:50,025 - INFO - Scraping holdings for filing 4
2025-03-17 20:32:52,026 - INFO - Scraping holdings for filing 5
2025-03-17 20:33:00,653 - INFO - Exporting data...
2025-03-17 20:33:00,693 - INFO - Exported 121 records to transactions.csv
2025-03-17 20:33:00,694 - INFO - Process completed successfully
